Build started 06-May-14 00:55:33.
     1>Project "C:\Users\Kraychik\Documents\Visual Studio 2010\Projects\Nesterov\Nesterov\Nesterov.vcxproj" on node 2 (build target(s)).
     1>InitializeBuildStatus:
         Creating "Debug\Nesterov.unsuccessfulbuild" because "AlwaysCreate" was specified.
       ClCompile:
         c:\Program Files (x86)\Microsoft Visual Studio 10.0\VC\bin\CL.exe /c /ZI /nologo /W3 /WX- /Od /Oy- /D WIN32 /D _DEBUG /D _CONSOLE /D _UNICODE /D UNICODE /Gm /EHsc /RTC1 /MDd /GS /fp:precise /Zc:wchar_t /Zc:forScope /Fo"Debug\\" /Fd"Debug\vc100.pdb" /Gd /TP /analyze- /errorReport:prompt Analysis.cpp
         Analysis.cpp
     1>c:\users\kraychik\documents\visual studio 2010\projects\nesterov\nesterov\analysis.cpp(45): warning C4018: '>=' : signed/unsigned mismatch
     1>c:\users\kraychik\documents\visual studio 2010\projects\nesterov\nesterov\analysis.cpp(134): warning C4018: '<' : signed/unsigned mismatch
     1>c:\users\kraychik\documents\visual studio 2010\projects\nesterov\nesterov\analysis.cpp(179): warning C4305: 'initializing' : truncation from '__int64' to 'int'
     1>c:\users\kraychik\documents\visual studio 2010\projects\nesterov\nesterov\analysis.cpp(179): warning C4309: 'initializing' : truncation of constant value
     1>c:\users\kraychik\documents\visual studio 2010\projects\nesterov\nesterov\analysis.cpp(182): warning C4244: '=' : conversion from 'big_int' to 'unsigned int', possible loss of data
     1>c:\users\kraychik\documents\visual studio 2010\projects\nesterov\nesterov\analysis.cpp(183): warning C4018: '<' : signed/unsigned mismatch
     1>c:\users\kraychik\documents\visual studio 2010\projects\nesterov\nesterov\analysis.cpp(189): warning C4996: 'fopen': This function or variable may be unsafe. Consider using fopen_s instead. To disable deprecation, use _CRT_SECURE_NO_WARNINGS. See online help for details.
                 c:\program files (x86)\microsoft visual studio 10.0\vc\include\stdio.h(234) : see declaration of 'fopen'
     1>c:\users\kraychik\documents\visual studio 2010\projects\nesterov\nesterov\analysis.cpp(199): warning C4018: '<' : signed/unsigned mismatch
       ManifestResourceCompile:
         All outputs are up-to-date.
       Link:
         c:\Program Files (x86)\Microsoft Visual Studio 10.0\VC\bin\link.exe /ERRORREPORT:PROMPT /OUT:"C:\Users\Kraychik\Documents\Visual Studio 2010\Projects\Nesterov\Debug\Nesterov.exe" /INCREMENTAL /NOLOGO kernel32.lib user32.lib gdi32.lib winspool.lib comdlg32.lib advapi32.lib shell32.lib ole32.lib oleaut32.lib uuid.lib odbc32.lib odbccp32.lib /MANIFEST /ManifestFile:"Debug\Nesterov.exe.intermediate.manifest" /MANIFESTUAC:"level='asInvoker' uiAccess='false'" /DEBUG /PDB:"C:\Users\Kraychik\Documents\Visual Studio 2010\Projects\Nesterov\Debug\Nesterov.pdb" /SUBSYSTEM:CONSOLE /TLBID:1 /DYNAMICBASE /NXCOMPAT /IMPLIB:"C:\Users\Kraychik\Documents\Visual Studio 2010\Projects\Nesterov\Debug\Nesterov.lib" /MACHINE:X86 Debug\Nesterov.exe.embed.manifest.res
         Debug\Address.obj
         Debug\Analysis.obj
         Debug\AvlIntTree.obj
         Debug\Basic_Avl.obj
         Debug\Basic_Type.obj
         Debug\IO_Manager.obj
         Debug\main.obj
         Debug\MyTime.obj
         Debug\Req.obj
       Manifest:
         c:\Program Files (x86)\Microsoft SDKs\Windows\v7.0A\bin\mt.exe /nologo /verbose /out:"Debug\Nesterov.exe.embed.manifest" /manifest Debug\Nesterov.exe.intermediate.manifest
         All outputs are up-to-date.
       LinkEmbedManifest:
         All outputs are up-to-date.
         Nesterov.vcxproj -> C:\Users\Kraychik\Documents\Visual Studio 2010\Projects\Nesterov\Debug\Nesterov.exe
       FinalizeBuildStatus:
         Deleting file "Debug\Nesterov.unsuccessfulbuild".
         Touching "Debug\Nesterov.lastbuildstate".
     1>Done Building Project "C:\Users\Kraychik\Documents\Visual Studio 2010\Projects\Nesterov\Nesterov\Nesterov.vcxproj" (build target(s)).

Build succeeded.

Time Elapsed 00:00:01.25
