c:\users\kraychik\documents\visual studio 2013\projects\nesterov\debug\avlinttree.obj
c:\users\kraychik\documents\visual studio 2013\projects\nesterov\debug\basic_avl.obj
c:\users\kraychik\documents\visual studio 2013\projects\nesterov\debug\basic_type.obj
c:\users\kraychik\documents\visual studio 2013\projects\nesterov\debug\mytime.obj
c:\users\kraychik\documents\visual studio 2013\projects\nesterov\debug\vc100.pdb
c:\users\kraychik\documents\visual studio 2013\projects\nesterov\debug\main.obj
c:\users\kraychik\documents\visual studio 2013\projects\nesterov\debug\address.obj
c:\users\kraychik\documents\visual studio 2013\projects\nesterov\debug\io_manager.obj
c:\users\kraychik\documents\visual studio 2013\projects\nesterov\debug\req.obj
c:\users\kraychik\documents\visual studio 2013\projects\nesterov\debug\analysis.obj
c:\users\kraychik\documents\visual studio 2013\projects\nesterov\debug\nesterov.exe
c:\users\kraychik\documents\visual studio 2013\projects\nesterov\debug\nesterov.exe.intermediate.manifest
c:\users\kraychik\documents\visual studio 2013\projects\nesterov\debug\nesterov.pdb
c:\users\kraychik\documents\visual studio 2013\projects\nesterov\debug\nesterov.exe.embed.manifest.res
c:\users\kraychik\documents\visual studio 2013\projects\nesterov\debug\avl.obj
c:\users\kraychik\documents\visual studio 2013\projects\nesterov\debug\avltree.obj
c:\users\kraychik\documents\visual studio 2013\projects\nesterov\debug\request.obj
c:\users\kraychik\documents\visual studio 2013\projects\nesterov\debug\cl.command.1.tlog
c:\users\kraychik\documents\visual studio 2013\projects\nesterov\debug\cl.read.1.tlog
c:\users\kraychik\documents\visual studio 2013\projects\nesterov\debug\cl.write.1.tlog
c:\users\kraychik\documents\visual studio 2013\projects\nesterov\debug\link-cvtres.read.1.tlog
c:\users\kraychik\documents\visual studio 2013\projects\nesterov\debug\link-cvtres.write.1.tlog
c:\users\kraychik\documents\visual studio 2013\projects\nesterov\debug\link.1120-cvtres.read.1.tlog
c:\users\kraychik\documents\visual studio 2013\projects\nesterov\debug\link.1120-cvtres.write.1.tlog
c:\users\kraychik\documents\visual studio 2013\projects\nesterov\debug\link.1120.read.1.tlog
c:\users\kraychik\documents\visual studio 2013\projects\nesterov\debug\link.1120.write.1.tlog
c:\users\kraychik\documents\visual studio 2013\projects\nesterov\debug\link.1232-cvtres.read.1.tlog
c:\users\kraychik\documents\visual studio 2013\projects\nesterov\debug\link.1232-cvtres.write.1.tlog
c:\users\kraychik\documents\visual studio 2013\projects\nesterov\debug\link.1232.read.1.tlog
c:\users\kraychik\documents\visual studio 2013\projects\nesterov\debug\link.1232.write.1.tlog
c:\users\kraychik\documents\visual studio 2013\projects\nesterov\debug\link.1496-cvtres.read.1.tlog
c:\users\kraychik\documents\visual studio 2013\projects\nesterov\debug\link.1496-cvtres.write.1.tlog
c:\users\kraychik\documents\visual studio 2013\projects\nesterov\debug\link.1496.read.1.tlog
c:\users\kraychik\documents\visual studio 2013\projects\nesterov\debug\link.1496.write.1.tlog
c:\users\kraychik\documents\visual studio 2013\projects\nesterov\debug\link.1552-cvtres.read.1.tlog
c:\users\kraychik\documents\visual studio 2013\projects\nesterov\debug\link.1552-cvtres.write.1.tlog
c:\users\kraychik\documents\visual studio 2013\projects\nesterov\debug\link.1552.read.1.tlog
c:\users\kraychik\documents\visual studio 2013\projects\nesterov\debug\link.1552.write.1.tlog
c:\users\kraychik\documents\visual studio 2013\projects\nesterov\debug\link.1672-cvtres.read.1.tlog
c:\users\kraychik\documents\visual studio 2013\projects\nesterov\debug\link.1672-cvtres.write.1.tlog
c:\users\kraychik\documents\visual studio 2013\projects\nesterov\debug\link.1672.read.1.tlog
c:\users\kraychik\documents\visual studio 2013\projects\nesterov\debug\link.1672.write.1.tlog
c:\users\kraychik\documents\visual studio 2013\projects\nesterov\debug\link.1844-cvtres.read.1.tlog
c:\users\kraychik\documents\visual studio 2013\projects\nesterov\debug\link.1844-cvtres.write.1.tlog
c:\users\kraychik\documents\visual studio 2013\projects\nesterov\debug\link.1844.read.1.tlog
c:\users\kraychik\documents\visual studio 2013\projects\nesterov\debug\link.1844.write.1.tlog
c:\users\kraychik\documents\visual studio 2013\projects\nesterov\debug\link.2000-cvtres.read.1.tlog
c:\users\kraychik\documents\visual studio 2013\projects\nesterov\debug\link.2000-cvtres.write.1.tlog
c:\users\kraychik\documents\visual studio 2013\projects\nesterov\debug\link.2000.read.1.tlog
c:\users\kraychik\documents\visual studio 2013\projects\nesterov\debug\link.2000.write.1.tlog
c:\users\kraychik\documents\visual studio 2013\projects\nesterov\debug\link.2004-cvtres.read.1.tlog
c:\users\kraychik\documents\visual studio 2013\projects\nesterov\debug\link.2004-cvtres.write.1.tlog
c:\users\kraychik\documents\visual studio 2013\projects\nesterov\debug\link.2004.read.1.tlog
c:\users\kraychik\documents\visual studio 2013\projects\nesterov\debug\link.2004.write.1.tlog
c:\users\kraychik\documents\visual studio 2013\projects\nesterov\debug\link.2080-cvtres.read.1.tlog
c:\users\kraychik\documents\visual studio 2013\projects\nesterov\debug\link.2080-cvtres.write.1.tlog
c:\users\kraychik\documents\visual studio 2013\projects\nesterov\debug\link.2080.read.1.tlog
c:\users\kraychik\documents\visual studio 2013\projects\nesterov\debug\link.2080.write.1.tlog
c:\users\kraychik\documents\visual studio 2013\projects\nesterov\debug\link.2260-cvtres.read.1.tlog
c:\users\kraychik\documents\visual studio 2013\projects\nesterov\debug\link.2260-cvtres.write.1.tlog
c:\users\kraychik\documents\visual studio 2013\projects\nesterov\debug\link.2260.read.1.tlog
c:\users\kraychik\documents\visual studio 2013\projects\nesterov\debug\link.2260.write.1.tlog
c:\users\kraychik\documents\visual studio 2013\projects\nesterov\debug\link.2264-cvtres.read.1.tlog
c:\users\kraychik\documents\visual studio 2013\projects\nesterov\debug\link.2264-cvtres.write.1.tlog
c:\users\kraychik\documents\visual studio 2013\projects\nesterov\debug\link.2264.read.1.tlog
c:\users\kraychik\documents\visual studio 2013\projects\nesterov\debug\link.2264.write.1.tlog
c:\users\kraychik\documents\visual studio 2013\projects\nesterov\debug\link.2488-cvtres.read.1.tlog
c:\users\kraychik\documents\visual studio 2013\projects\nesterov\debug\link.2488-cvtres.write.1.tlog
c:\users\kraychik\documents\visual studio 2013\projects\nesterov\debug\link.2488.read.1.tlog
c:\users\kraychik\documents\visual studio 2013\projects\nesterov\debug\link.2488.write.1.tlog
c:\users\kraychik\documents\visual studio 2013\projects\nesterov\debug\link.2592-cvtres.read.1.tlog
c:\users\kraychik\documents\visual studio 2013\projects\nesterov\debug\link.2592-cvtres.write.1.tlog
c:\users\kraychik\documents\visual studio 2013\projects\nesterov\debug\link.2592.read.1.tlog
c:\users\kraychik\documents\visual studio 2013\projects\nesterov\debug\link.2592.write.1.tlog
c:\users\kraychik\documents\visual studio 2013\projects\nesterov\debug\link.2952-cvtres.read.1.tlog
c:\users\kraychik\documents\visual studio 2013\projects\nesterov\debug\link.2952-cvtres.write.1.tlog
c:\users\kraychik\documents\visual studio 2013\projects\nesterov\debug\link.2952.read.1.tlog
c:\users\kraychik\documents\visual studio 2013\projects\nesterov\debug\link.2952.write.1.tlog
c:\users\kraychik\documents\visual studio 2013\projects\nesterov\debug\link.3084-cvtres.read.1.tlog
c:\users\kraychik\documents\visual studio 2013\projects\nesterov\debug\link.3084-cvtres.write.1.tlog
c:\users\kraychik\documents\visual studio 2013\projects\nesterov\debug\link.3084.read.1.tlog
c:\users\kraychik\documents\visual studio 2013\projects\nesterov\debug\link.3084.write.1.tlog
c:\users\kraychik\documents\visual studio 2013\projects\nesterov\debug\link.3088-cvtres.read.1.tlog
c:\users\kraychik\documents\visual studio 2013\projects\nesterov\debug\link.3088-cvtres.write.1.tlog
c:\users\kraychik\documents\visual studio 2013\projects\nesterov\debug\link.3088.read.1.tlog
c:\users\kraychik\documents\visual studio 2013\projects\nesterov\debug\link.3088.write.1.tlog
c:\users\kraychik\documents\visual studio 2013\projects\nesterov\debug\link.3152-cvtres.read.1.tlog
c:\users\kraychik\documents\visual studio 2013\projects\nesterov\debug\link.3152-cvtres.write.1.tlog
c:\users\kraychik\documents\visual studio 2013\projects\nesterov\debug\link.3152.read.1.tlog
c:\users\kraychik\documents\visual studio 2013\projects\nesterov\debug\link.3152.write.1.tlog
c:\users\kraychik\documents\visual studio 2013\projects\nesterov\debug\link.3180-cvtres.read.1.tlog
c:\users\kraychik\documents\visual studio 2013\projects\nesterov\debug\link.3180-cvtres.write.1.tlog
c:\users\kraychik\documents\visual studio 2013\projects\nesterov\debug\link.3180.read.1.tlog
c:\users\kraychik\documents\visual studio 2013\projects\nesterov\debug\link.3180.write.1.tlog
c:\users\kraychik\documents\visual studio 2013\projects\nesterov\debug\link.3208-cvtres.read.1.tlog
c:\users\kraychik\documents\visual studio 2013\projects\nesterov\debug\link.3208-cvtres.write.1.tlog
c:\users\kraychik\documents\visual studio 2013\projects\nesterov\debug\link.3208.read.1.tlog
c:\users\kraychik\documents\visual studio 2013\projects\nesterov\debug\link.3208.write.1.tlog
c:\users\kraychik\documents\visual studio 2013\projects\nesterov\debug\link.3388-cvtres.read.1.tlog
c:\users\kraychik\documents\visual studio 2013\projects\nesterov\debug\link.3388-cvtres.write.1.tlog
c:\users\kraychik\documents\visual studio 2013\projects\nesterov\debug\link.3388.read.1.tlog
c:\users\kraychik\documents\visual studio 2013\projects\nesterov\debug\link.3388.write.1.tlog
c:\users\kraychik\documents\visual studio 2013\projects\nesterov\debug\link.3480-cvtres.read.1.tlog
c:\users\kraychik\documents\visual studio 2013\projects\nesterov\debug\link.3480-cvtres.write.1.tlog
c:\users\kraychik\documents\visual studio 2013\projects\nesterov\debug\link.3480.read.1.tlog
c:\users\kraychik\documents\visual studio 2013\projects\nesterov\debug\link.3480.write.1.tlog
c:\users\kraychik\documents\visual studio 2013\projects\nesterov\debug\link.3760-cvtres.read.1.tlog
c:\users\kraychik\documents\visual studio 2013\projects\nesterov\debug\link.3760-cvtres.write.1.tlog
c:\users\kraychik\documents\visual studio 2013\projects\nesterov\debug\link.3760.read.1.tlog
c:\users\kraychik\documents\visual studio 2013\projects\nesterov\debug\link.3760.write.1.tlog
c:\users\kraychik\documents\visual studio 2013\projects\nesterov\debug\link.3920-cvtres.read.1.tlog
c:\users\kraychik\documents\visual studio 2013\projects\nesterov\debug\link.3920-cvtres.write.1.tlog
c:\users\kraychik\documents\visual studio 2013\projects\nesterov\debug\link.3920.read.1.tlog
c:\users\kraychik\documents\visual studio 2013\projects\nesterov\debug\link.3920.write.1.tlog
c:\users\kraychik\documents\visual studio 2013\projects\nesterov\debug\link.3944-cvtres.read.1.tlog
c:\users\kraychik\documents\visual studio 2013\projects\nesterov\debug\link.3944-cvtres.write.1.tlog
c:\users\kraychik\documents\visual studio 2013\projects\nesterov\debug\link.3944.read.1.tlog
c:\users\kraychik\documents\visual studio 2013\projects\nesterov\debug\link.3944.write.1.tlog
c:\users\kraychik\documents\visual studio 2013\projects\nesterov\debug\link.4028-cvtres.read.1.tlog
c:\users\kraychik\documents\visual studio 2013\projects\nesterov\debug\link.4028-cvtres.write.1.tlog
c:\users\kraychik\documents\visual studio 2013\projects\nesterov\debug\link.4028.read.1.tlog
c:\users\kraychik\documents\visual studio 2013\projects\nesterov\debug\link.4028.write.1.tlog
c:\users\kraychik\documents\visual studio 2013\projects\nesterov\debug\link.4044-cvtres.read.1.tlog
c:\users\kraychik\documents\visual studio 2013\projects\nesterov\debug\link.4044-cvtres.write.1.tlog
c:\users\kraychik\documents\visual studio 2013\projects\nesterov\debug\link.4044.read.1.tlog
c:\users\kraychik\documents\visual studio 2013\projects\nesterov\debug\link.4044.write.1.tlog
c:\users\kraychik\documents\visual studio 2013\projects\nesterov\debug\link.4164-cvtres.read.1.tlog
c:\users\kraychik\documents\visual studio 2013\projects\nesterov\debug\link.4164-cvtres.write.1.tlog
c:\users\kraychik\documents\visual studio 2013\projects\nesterov\debug\link.4164.read.1.tlog
c:\users\kraychik\documents\visual studio 2013\projects\nesterov\debug\link.4164.write.1.tlog
c:\users\kraychik\documents\visual studio 2013\projects\nesterov\debug\link.4200-cvtres.read.1.tlog
c:\users\kraychik\documents\visual studio 2013\projects\nesterov\debug\link.4200-cvtres.write.1.tlog
c:\users\kraychik\documents\visual studio 2013\projects\nesterov\debug\link.4200.read.1.tlog
c:\users\kraychik\documents\visual studio 2013\projects\nesterov\debug\link.4200.write.1.tlog
c:\users\kraychik\documents\visual studio 2013\projects\nesterov\debug\link.4248-cvtres.read.1.tlog
c:\users\kraychik\documents\visual studio 2013\projects\nesterov\debug\link.4248-cvtres.write.1.tlog
c:\users\kraychik\documents\visual studio 2013\projects\nesterov\debug\link.4248.read.1.tlog
c:\users\kraychik\documents\visual studio 2013\projects\nesterov\debug\link.4248.write.1.tlog
c:\users\kraychik\documents\visual studio 2013\projects\nesterov\debug\link.4324-cvtres.read.1.tlog
c:\users\kraychik\documents\visual studio 2013\projects\nesterov\debug\link.4324-cvtres.write.1.tlog
c:\users\kraychik\documents\visual studio 2013\projects\nesterov\debug\link.4324.read.1.tlog
c:\users\kraychik\documents\visual studio 2013\projects\nesterov\debug\link.4324.write.1.tlog
c:\users\kraychik\documents\visual studio 2013\projects\nesterov\debug\link.4348-cvtres.read.1.tlog
c:\users\kraychik\documents\visual studio 2013\projects\nesterov\debug\link.4348-cvtres.write.1.tlog
c:\users\kraychik\documents\visual studio 2013\projects\nesterov\debug\link.4348.read.1.tlog
c:\users\kraychik\documents\visual studio 2013\projects\nesterov\debug\link.4348.write.1.tlog
c:\users\kraychik\documents\visual studio 2013\projects\nesterov\debug\link.4356-cvtres.read.1.tlog
c:\users\kraychik\documents\visual studio 2013\projects\nesterov\debug\link.4356-cvtres.write.1.tlog
c:\users\kraychik\documents\visual studio 2013\projects\nesterov\debug\link.4356.read.1.tlog
c:\users\kraychik\documents\visual studio 2013\projects\nesterov\debug\link.4356.write.1.tlog
c:\users\kraychik\documents\visual studio 2013\projects\nesterov\debug\link.4404-cvtres.read.1.tlog
c:\users\kraychik\documents\visual studio 2013\projects\nesterov\debug\link.4404-cvtres.write.1.tlog
c:\users\kraychik\documents\visual studio 2013\projects\nesterov\debug\link.4404.read.1.tlog
c:\users\kraychik\documents\visual studio 2013\projects\nesterov\debug\link.4404.write.1.tlog
c:\users\kraychik\documents\visual studio 2013\projects\nesterov\debug\link.4548-cvtres.read.1.tlog
c:\users\kraychik\documents\visual studio 2013\projects\nesterov\debug\link.4548-cvtres.write.1.tlog
c:\users\kraychik\documents\visual studio 2013\projects\nesterov\debug\link.4548.read.1.tlog
c:\users\kraychik\documents\visual studio 2013\projects\nesterov\debug\link.4548.write.1.tlog
c:\users\kraychik\documents\visual studio 2013\projects\nesterov\debug\link.4556-cvtres.read.1.tlog
c:\users\kraychik\documents\visual studio 2013\projects\nesterov\debug\link.4556-cvtres.write.1.tlog
c:\users\kraychik\documents\visual studio 2013\projects\nesterov\debug\link.4556.read.1.tlog
c:\users\kraychik\documents\visual studio 2013\projects\nesterov\debug\link.4556.write.1.tlog
c:\users\kraychik\documents\visual studio 2013\projects\nesterov\debug\link.4636-cvtres.read.1.tlog
c:\users\kraychik\documents\visual studio 2013\projects\nesterov\debug\link.4636-cvtres.write.1.tlog
c:\users\kraychik\documents\visual studio 2013\projects\nesterov\debug\link.4636.read.1.tlog
c:\users\kraychik\documents\visual studio 2013\projects\nesterov\debug\link.4636.write.1.tlog
c:\users\kraychik\documents\visual studio 2013\projects\nesterov\debug\link.4704-cvtres.read.1.tlog
c:\users\kraychik\documents\visual studio 2013\projects\nesterov\debug\link.4704-cvtres.write.1.tlog
c:\users\kraychik\documents\visual studio 2013\projects\nesterov\debug\link.4704.read.1.tlog
c:\users\kraychik\documents\visual studio 2013\projects\nesterov\debug\link.4704.write.1.tlog
c:\users\kraychik\documents\visual studio 2013\projects\nesterov\debug\link.4784-cvtres.read.1.tlog
c:\users\kraychik\documents\visual studio 2013\projects\nesterov\debug\link.4784-cvtres.write.1.tlog
c:\users\kraychik\documents\visual studio 2013\projects\nesterov\debug\link.4784.read.1.tlog
c:\users\kraychik\documents\visual studio 2013\projects\nesterov\debug\link.4784.write.1.tlog
c:\users\kraychik\documents\visual studio 2013\projects\nesterov\debug\link.4812-cvtres.read.1.tlog
c:\users\kraychik\documents\visual studio 2013\projects\nesterov\debug\link.4812-cvtres.write.1.tlog
c:\users\kraychik\documents\visual studio 2013\projects\nesterov\debug\link.4812.read.1.tlog
c:\users\kraychik\documents\visual studio 2013\projects\nesterov\debug\link.4812.write.1.tlog
c:\users\kraychik\documents\visual studio 2013\projects\nesterov\debug\link.4840-cvtres.read.1.tlog
c:\users\kraychik\documents\visual studio 2013\projects\nesterov\debug\link.4840-cvtres.write.1.tlog
c:\users\kraychik\documents\visual studio 2013\projects\nesterov\debug\link.4840.read.1.tlog
c:\users\kraychik\documents\visual studio 2013\projects\nesterov\debug\link.4840.write.1.tlog
c:\users\kraychik\documents\visual studio 2013\projects\nesterov\debug\link.4856-cvtres.read.1.tlog
c:\users\kraychik\documents\visual studio 2013\projects\nesterov\debug\link.4856-cvtres.write.1.tlog
c:\users\kraychik\documents\visual studio 2013\projects\nesterov\debug\link.4856.read.1.tlog
c:\users\kraychik\documents\visual studio 2013\projects\nesterov\debug\link.4856.write.1.tlog
c:\users\kraychik\documents\visual studio 2013\projects\nesterov\debug\link.4900-cvtres.read.1.tlog
c:\users\kraychik\documents\visual studio 2013\projects\nesterov\debug\link.4900-cvtres.write.1.tlog
c:\users\kraychik\documents\visual studio 2013\projects\nesterov\debug\link.4900.read.1.tlog
c:\users\kraychik\documents\visual studio 2013\projects\nesterov\debug\link.4900.write.1.tlog
c:\users\kraychik\documents\visual studio 2013\projects\nesterov\debug\link.4912-cvtres.read.1.tlog
c:\users\kraychik\documents\visual studio 2013\projects\nesterov\debug\link.4912-cvtres.write.1.tlog
c:\users\kraychik\documents\visual studio 2013\projects\nesterov\debug\link.4912.read.1.tlog
c:\users\kraychik\documents\visual studio 2013\projects\nesterov\debug\link.4912.write.1.tlog
c:\users\kraychik\documents\visual studio 2013\projects\nesterov\debug\link.4928-cvtres.read.1.tlog
c:\users\kraychik\documents\visual studio 2013\projects\nesterov\debug\link.4928-cvtres.write.1.tlog
c:\users\kraychik\documents\visual studio 2013\projects\nesterov\debug\link.4928.read.1.tlog
c:\users\kraychik\documents\visual studio 2013\projects\nesterov\debug\link.4928.write.1.tlog
c:\users\kraychik\documents\visual studio 2013\projects\nesterov\debug\link.5012-cvtres.read.1.tlog
c:\users\kraychik\documents\visual studio 2013\projects\nesterov\debug\link.5012-cvtres.write.1.tlog
c:\users\kraychik\documents\visual studio 2013\projects\nesterov\debug\link.5012.read.1.tlog
c:\users\kraychik\documents\visual studio 2013\projects\nesterov\debug\link.5012.write.1.tlog
c:\users\kraychik\documents\visual studio 2013\projects\nesterov\debug\link.5104-cvtres.read.1.tlog
c:\users\kraychik\documents\visual studio 2013\projects\nesterov\debug\link.5104-cvtres.write.1.tlog
c:\users\kraychik\documents\visual studio 2013\projects\nesterov\debug\link.5104.read.1.tlog
c:\users\kraychik\documents\visual studio 2013\projects\nesterov\debug\link.5104.write.1.tlog
c:\users\kraychik\documents\visual studio 2013\projects\nesterov\debug\link.5112-cvtres.read.1.tlog
c:\users\kraychik\documents\visual studio 2013\projects\nesterov\debug\link.5112-cvtres.write.1.tlog
c:\users\kraychik\documents\visual studio 2013\projects\nesterov\debug\link.5112.read.1.tlog
c:\users\kraychik\documents\visual studio 2013\projects\nesterov\debug\link.5112.write.1.tlog
c:\users\kraychik\documents\visual studio 2013\projects\nesterov\debug\link.5148-cvtres.read.1.tlog
c:\users\kraychik\documents\visual studio 2013\projects\nesterov\debug\link.5148-cvtres.write.1.tlog
c:\users\kraychik\documents\visual studio 2013\projects\nesterov\debug\link.5148.read.1.tlog
c:\users\kraychik\documents\visual studio 2013\projects\nesterov\debug\link.5148.write.1.tlog
c:\users\kraychik\documents\visual studio 2013\projects\nesterov\debug\link.516-cvtres.read.1.tlog
c:\users\kraychik\documents\visual studio 2013\projects\nesterov\debug\link.516-cvtres.write.1.tlog
c:\users\kraychik\documents\visual studio 2013\projects\nesterov\debug\link.516.read.1.tlog
c:\users\kraychik\documents\visual studio 2013\projects\nesterov\debug\link.516.write.1.tlog
c:\users\kraychik\documents\visual studio 2013\projects\nesterov\debug\link.5196-cvtres.read.1.tlog
c:\users\kraychik\documents\visual studio 2013\projects\nesterov\debug\link.5196-cvtres.write.1.tlog
c:\users\kraychik\documents\visual studio 2013\projects\nesterov\debug\link.5196.read.1.tlog
c:\users\kraychik\documents\visual studio 2013\projects\nesterov\debug\link.5196.write.1.tlog
c:\users\kraychik\documents\visual studio 2013\projects\nesterov\debug\link.5232-cvtres.read.1.tlog
c:\users\kraychik\documents\visual studio 2013\projects\nesterov\debug\link.5232-cvtres.write.1.tlog
c:\users\kraychik\documents\visual studio 2013\projects\nesterov\debug\link.5232.read.1.tlog
c:\users\kraychik\documents\visual studio 2013\projects\nesterov\debug\link.5232.write.1.tlog
c:\users\kraychik\documents\visual studio 2013\projects\nesterov\debug\link.5456-cvtres.read.1.tlog
c:\users\kraychik\documents\visual studio 2013\projects\nesterov\debug\link.5456-cvtres.write.1.tlog
c:\users\kraychik\documents\visual studio 2013\projects\nesterov\debug\link.5456.read.1.tlog
c:\users\kraychik\documents\visual studio 2013\projects\nesterov\debug\link.5456.write.1.tlog
c:\users\kraychik\documents\visual studio 2013\projects\nesterov\debug\link.5468-cvtres.read.1.tlog
c:\users\kraychik\documents\visual studio 2013\projects\nesterov\debug\link.5468-cvtres.write.1.tlog
c:\users\kraychik\documents\visual studio 2013\projects\nesterov\debug\link.5468.read.1.tlog
c:\users\kraychik\documents\visual studio 2013\projects\nesterov\debug\link.5468.write.1.tlog
c:\users\kraychik\documents\visual studio 2013\projects\nesterov\debug\link.5500-cvtres.read.1.tlog
c:\users\kraychik\documents\visual studio 2013\projects\nesterov\debug\link.5500-cvtres.write.1.tlog
c:\users\kraychik\documents\visual studio 2013\projects\nesterov\debug\link.5500.read.1.tlog
c:\users\kraychik\documents\visual studio 2013\projects\nesterov\debug\link.5500.write.1.tlog
c:\users\kraychik\documents\visual studio 2013\projects\nesterov\debug\link.5540-cvtres.read.1.tlog
c:\users\kraychik\documents\visual studio 2013\projects\nesterov\debug\link.5540-cvtres.write.1.tlog
c:\users\kraychik\documents\visual studio 2013\projects\nesterov\debug\link.5540.read.1.tlog
c:\users\kraychik\documents\visual studio 2013\projects\nesterov\debug\link.5540.write.1.tlog
c:\users\kraychik\documents\visual studio 2013\projects\nesterov\debug\link.5632-cvtres.read.1.tlog
c:\users\kraychik\documents\visual studio 2013\projects\nesterov\debug\link.5632-cvtres.write.1.tlog
c:\users\kraychik\documents\visual studio 2013\projects\nesterov\debug\link.5632.read.1.tlog
c:\users\kraychik\documents\visual studio 2013\projects\nesterov\debug\link.5632.write.1.tlog
c:\users\kraychik\documents\visual studio 2013\projects\nesterov\debug\link.5672-cvtres.read.1.tlog
c:\users\kraychik\documents\visual studio 2013\projects\nesterov\debug\link.5672-cvtres.write.1.tlog
c:\users\kraychik\documents\visual studio 2013\projects\nesterov\debug\link.5672.read.1.tlog
c:\users\kraychik\documents\visual studio 2013\projects\nesterov\debug\link.5672.write.1.tlog
c:\users\kraychik\documents\visual studio 2013\projects\nesterov\debug\link.5712-cvtres.read.1.tlog
c:\users\kraychik\documents\visual studio 2013\projects\nesterov\debug\link.5712-cvtres.write.1.tlog
c:\users\kraychik\documents\visual studio 2013\projects\nesterov\debug\link.5712.read.1.tlog
c:\users\kraychik\documents\visual studio 2013\projects\nesterov\debug\link.5712.write.1.tlog
c:\users\kraychik\documents\visual studio 2013\projects\nesterov\debug\link.5732-cvtres.read.1.tlog
c:\users\kraychik\documents\visual studio 2013\projects\nesterov\debug\link.5732-cvtres.write.1.tlog
c:\users\kraychik\documents\visual studio 2013\projects\nesterov\debug\link.5732.read.1.tlog
c:\users\kraychik\documents\visual studio 2013\projects\nesterov\debug\link.5732.write.1.tlog
c:\users\kraychik\documents\visual studio 2013\projects\nesterov\debug\link.5760-cvtres.read.1.tlog
c:\users\kraychik\documents\visual studio 2013\projects\nesterov\debug\link.5760-cvtres.write.1.tlog
c:\users\kraychik\documents\visual studio 2013\projects\nesterov\debug\link.5760.read.1.tlog
c:\users\kraychik\documents\visual studio 2013\projects\nesterov\debug\link.5760.write.1.tlog
c:\users\kraychik\documents\visual studio 2013\projects\nesterov\debug\link.5936-cvtres.read.1.tlog
c:\users\kraychik\documents\visual studio 2013\projects\nesterov\debug\link.5936-cvtres.write.1.tlog
c:\users\kraychik\documents\visual studio 2013\projects\nesterov\debug\link.5936.read.1.tlog
c:\users\kraychik\documents\visual studio 2013\projects\nesterov\debug\link.5936.write.1.tlog
c:\users\kraychik\documents\visual studio 2013\projects\nesterov\debug\link.5984-cvtres.read.1.tlog
c:\users\kraychik\documents\visual studio 2013\projects\nesterov\debug\link.5984-cvtres.write.1.tlog
c:\users\kraychik\documents\visual studio 2013\projects\nesterov\debug\link.5984.read.1.tlog
c:\users\kraychik\documents\visual studio 2013\projects\nesterov\debug\link.5984.write.1.tlog
c:\users\kraychik\documents\visual studio 2013\projects\nesterov\debug\link.6064-cvtres.read.1.tlog
c:\users\kraychik\documents\visual studio 2013\projects\nesterov\debug\link.6064-cvtres.write.1.tlog
c:\users\kraychik\documents\visual studio 2013\projects\nesterov\debug\link.6064.read.1.tlog
c:\users\kraychik\documents\visual studio 2013\projects\nesterov\debug\link.6064.write.1.tlog
c:\users\kraychik\documents\visual studio 2013\projects\nesterov\debug\link.6280-cvtres.read.1.tlog
c:\users\kraychik\documents\visual studio 2013\projects\nesterov\debug\link.6280-cvtres.write.1.tlog
c:\users\kraychik\documents\visual studio 2013\projects\nesterov\debug\link.6280.read.1.tlog
c:\users\kraychik\documents\visual studio 2013\projects\nesterov\debug\link.6280.write.1.tlog
c:\users\kraychik\documents\visual studio 2013\projects\nesterov\debug\link.6464-cvtres.read.1.tlog
c:\users\kraychik\documents\visual studio 2013\projects\nesterov\debug\link.6464-cvtres.write.1.tlog
c:\users\kraychik\documents\visual studio 2013\projects\nesterov\debug\link.6464.read.1.tlog
c:\users\kraychik\documents\visual studio 2013\projects\nesterov\debug\link.6464.write.1.tlog
c:\users\kraychik\documents\visual studio 2013\projects\nesterov\debug\link.6736-cvtres.read.1.tlog
c:\users\kraychik\documents\visual studio 2013\projects\nesterov\debug\link.6736-cvtres.write.1.tlog
c:\users\kraychik\documents\visual studio 2013\projects\nesterov\debug\link.6736.read.1.tlog
c:\users\kraychik\documents\visual studio 2013\projects\nesterov\debug\link.6736.write.1.tlog
c:\users\kraychik\documents\visual studio 2013\projects\nesterov\debug\link.6892-cvtres.read.1.tlog
c:\users\kraychik\documents\visual studio 2013\projects\nesterov\debug\link.6892-cvtres.write.1.tlog
c:\users\kraychik\documents\visual studio 2013\projects\nesterov\debug\link.6892.read.1.tlog
c:\users\kraychik\documents\visual studio 2013\projects\nesterov\debug\link.6892.write.1.tlog
c:\users\kraychik\documents\visual studio 2013\projects\nesterov\debug\link.6940-cvtres.read.1.tlog
c:\users\kraychik\documents\visual studio 2013\projects\nesterov\debug\link.6940-cvtres.write.1.tlog
c:\users\kraychik\documents\visual studio 2013\projects\nesterov\debug\link.6940.read.1.tlog
c:\users\kraychik\documents\visual studio 2013\projects\nesterov\debug\link.6940.write.1.tlog
c:\users\kraychik\documents\visual studio 2013\projects\nesterov\debug\link.704-cvtres.read.1.tlog
c:\users\kraychik\documents\visual studio 2013\projects\nesterov\debug\link.704-cvtres.write.1.tlog
c:\users\kraychik\documents\visual studio 2013\projects\nesterov\debug\link.704.read.1.tlog
c:\users\kraychik\documents\visual studio 2013\projects\nesterov\debug\link.704.write.1.tlog
c:\users\kraychik\documents\visual studio 2013\projects\nesterov\debug\link.744-cvtres.read.1.tlog
c:\users\kraychik\documents\visual studio 2013\projects\nesterov\debug\link.744-cvtres.write.1.tlog
c:\users\kraychik\documents\visual studio 2013\projects\nesterov\debug\link.744.read.1.tlog
c:\users\kraychik\documents\visual studio 2013\projects\nesterov\debug\link.744.write.1.tlog
c:\users\kraychik\documents\visual studio 2013\projects\nesterov\debug\link.command.1.tlog
c:\users\kraychik\documents\visual studio 2013\projects\nesterov\debug\link.read.1.tlog
c:\users\kraychik\documents\visual studio 2013\projects\nesterov\debug\link.write.1.tlog
c:\users\kraychik\documents\visual studio 2013\projects\nesterov\debug\mt.command.1.tlog
c:\users\kraychik\documents\visual studio 2013\projects\nesterov\debug\mt.read.1.tlog
c:\users\kraychik\documents\visual studio 2013\projects\nesterov\debug\mt.write.1.tlog
c:\users\kraychik\documents\visual studio 2013\projects\nesterov\debug\rc.command.1.tlog
c:\users\kraychik\documents\visual studio 2013\projects\nesterov\debug\rc.read.1.tlog
c:\users\kraychik\documents\visual studio 2013\projects\nesterov\debug\rc.write.1.tlog
c:\users\kraychik\documents\visual studio 2013\projects\nesterov\debug\nesterov.exe.embed.manifest
c:\users\kraychik\documents\visual studio 2013\projects\nesterov\debug\vc100.idb
c:\users\kraychik\documents\visual studio 2013\projects\nesterov\debug\nesterov_manifest.rc
