Build started 15-Apr-14 00:23:18.
     1>Project "C:\Users\Kraychik\Documents\Visual Studio 2010\Projects\Nesterov\Nesterov\Nesterov.vcxproj" on node 2 (build target(s)).
     1>PrepareForBuild:
         Creating directory "C:\Users\Kraychik\Documents\Visual Studio 2010\Projects\Nesterov\Release\".
       InitializeBuildStatus:
         Creating "Release\Nesterov.unsuccessfulbuild" because "AlwaysCreate" was specified.
       ClCompile:
         c:\Program Files (x86)\Microsoft Visual Studio 10.0\VC\bin\CL.exe /c /Zi /nologo /W3 /WX- /O2 /Oi /Oy- /GL /D WIN32 /D NDEBUG /D _CONSOLE /D _UNICODE /D UNICODE /Gm- /EHsc /MD /GS /Gy /fp:precise /Zc:wchar_t /Zc:forScope /Fo"Release\\" /Fd"Release\vc100.pdb" /Gd /TP /analyze- /errorReport:prompt Address.cpp Analysis.cpp AvlIntTree.cpp Basic_Avl.cpp Basic_Type.cpp IO_Manager.cpp main.cpp MyTime.cpp Req.cpp
         Address.cpp
     1>c:\users\kraychik\documents\visual studio 2010\projects\nesterov\nesterov\Address.h(4): fatal error C1083: Cannot open include file: 'Basic_Type.h': No such file or directory
         Analysis.cpp
     1>c:\users\kraychik\documents\visual studio 2010\projects\nesterov\nesterov\Address.h(4): fatal error C1083: Cannot open include file: 'Basic_Type.h': No such file or directory
         AvlIntTree.cpp
         Basic_Avl.cpp
         Basic_Type.cpp
         IO_Manager.cpp
     1>c:\users\kraychik\documents\visual studio 2010\projects\nesterov\nesterov\Address.h(4): fatal error C1083: Cannot open include file: 'Basic_Type.h': No such file or directory
         main.cpp
     1>main.cpp(3): fatal error C1083: Cannot open include file: 'Address.h': No such file or directory
         MyTime.cpp
         Req.cpp
     1>c:\users\kraychik\documents\visual studio 2010\projects\nesterov\nesterov\Address.h(4): fatal error C1083: Cannot open include file: 'Basic_Type.h': No such file or directory
     1>Done Building Project "C:\Users\Kraychik\Documents\Visual Studio 2010\Projects\Nesterov\Nesterov\Nesterov.vcxproj" (build target(s)) -- FAILED.

Build FAILED.

Time Elapsed 00:00:02.75
